 --Read the following data:
	 250  individuals
	 99  markers
	 1  phenotypes
 --Cross type: bc 
*******************************************
* Detection Stage Iteration 1:
* Testing all chromosomes
*******************************************

asreml(): 2.00 Library: 2.00bb  Run: Fri Nov 14 00:09:48 2008
Licensed to: CSIRO
Serial Number: 402061835 Expires: 31-aug-2009 (290 days)

Equations:  101 (1 dense)
Initial update shrinkage factor: 0.316
     LogLik         S2      DF

  -1048.2447      2.3798   999  00:09:48  (7 component(s) constrained)
  -1006.5547      2.5033   999  00:09:48  (4 component(s) constrained)
   -996.4003      2.5077   999  00:09:48  (3 component(s) constrained)
   -994.7144      2.4988   999  00:09:49  (3 component(s) constrained)
   -994.2956      2.4920   999  00:09:49  (3 component(s) constrained)
   -994.1705      2.4880   999  00:09:49
   -994.1282      2.4851   999  00:09:49
   -994.1238      2.4840   999  00:09:50
   -994.1238      2.4841   999  00:09:50

Finished on: Fri Nov 14 00:09:50 2008
 
LogLikelihood Converged 

asreml(): 2.00 Library: 2.00bb  Run: Fri Nov 14 00:09:50 2008
Licensed to: CSIRO
Serial Number: 402061835 Expires: 31-aug-2009 (290 days)

Equations:  90 (1 dense)
Initial update shrinkage factor: 0.316
     LogLik         S2      DF

  -1095.2438      2.6754   999  00:09:50  (7 component(s) constrained)
  -1056.8924      2.8239   999  00:09:50  (4 component(s) constrained)
  -1049.5864      2.8391   999  00:09:51  (3 component(s) constrained)
  -1048.6070      2.8316   999  00:09:51  (2 component(s) constrained)
  -1048.3212      2.8243   999  00:09:51  (2 component(s) constrained)
  -1048.2254      2.8201   999  00:09:51
  -1048.1900      2.8170   999  00:09:51
  -1048.1857      2.8157   999  00:09:51
  -1048.1857      2.8157   999  00:09:52

Finished on: Fri Nov 14 00:09:52 2008
 
LogLikelihood Converged 

asreml(): 2.00 Library: 2.00bb  Run: Fri Nov 14 00:09:52 2008
Licensed to: CSIRO
Serial Number: 402061835 Expires: 31-aug-2009 (290 days)

Equations:  90 (1 dense)
Initial update shrinkage factor: 0.316
     LogLik         S2      DF

  -1063.8955      2.5119   999  00:09:52  (5 component(s) constrained)
  -1026.3844      2.6348   999  00:09:52  (4 component(s) constrained)
  -1017.0034      2.6440   999  00:09:52  (4 component(s) constrained)
  -1015.4866      2.6381   999  00:09:53  (4 component(s) constrained)
  -1015.0964      2.6316   999  00:09:53  (4 component(s) constrained)
  -1014.9682      2.6275   999  00:09:53
  -1014.9203      2.6245   999  00:09:53
  -1014.9143      2.6231   999  00:09:53
  -1014.9143      2.6231   999  00:09:53

Finished on: Fri Nov 14 00:09:54 2008
 
LogLikelihood Converged 

asreml(): 2.00 Library: 2.00bb  Run: Fri Nov 14 00:09:54 2008
Licensed to: CSIRO
Serial Number: 402061835 Expires: 31-aug-2009 (290 days)

Equations:  90 (1 dense)
Initial update shrinkage factor: 0.316
     LogLik         S2      DF

  -1061.4255      2.5012   999  00:09:54  (6 component(s) constrained)
  -1023.4404      2.6051   999  00:09:54  (4 component(s) constrained)
  -1014.7573      2.6194   999  00:09:54  (2 component(s) constrained)
  -1013.4938      2.6133   999  00:09:54  (2 component(s) constrained)
  -1013.1788      2.6086   999  00:09:55  (2 component(s) constrained)
  -1013.0753      2.6058   999  00:09:55
  -1013.0351      2.6037   999  00:09:55
  -1013.0296      2.6027   999  00:09:55
  -1013.0295      2.6027   999  00:09:55

Finished on: Fri Nov 14 00:09:55 2008
 
LogLikelihood Converged 

asreml(): 2.00 Library: 2.00bb  Run: Fri Nov 14 00:09:56 2008
Licensed to: CSIRO
Serial Number: 402061835 Expires: 31-aug-2009 (290 days)

Equations:  90 (1 dense)
Initial update shrinkage factor: 0.316
     LogLik         S2      DF

  -1053.5996      2.4581   999  00:09:56  (5 component(s) constrained)
  -1016.8817      2.5700   999  00:09:56  (4 component(s) constrained)
  -1009.4852      2.5873   999  00:09:56  (2 component(s) constrained)
  -1008.5316      2.5819   999  00:09:56  (2 component(s) constrained)
  -1008.2832      2.5772   999  00:09:56  (2 component(s) constrained)
  -1008.2029      2.5744   999  00:09:57
  -1008.1728      2.5723   999  00:09:57
  -1008.1687      2.5714   999  00:09:57
  -1008.1687      2.5714   999  00:09:57

Finished on: Fri Nov 14 00:09:57 2008
 
LogLikelihood Converged 
       Change(%)
g_8chr      1.99

asreml(): 2.00 Library: 2.00bb  Run: Fri Nov 14 00:09:57 2008
Licensed to: CSIRO
Serial Number: 402061835 Expires: 31-aug-2009 (290 days)

Equations:  90 (1 dense)
Initial update shrinkage factor: 0.316
     LogLik         S2      DF

  -1056.9988      2.4799   999  00:09:58  (6 component(s) constrained)
  -1016.6941      2.5767   999  00:09:58  (4 component(s) constrained)
  -1009.5809      2.5978   999  00:09:58  (2 component(s) constrained)
  -1008.6320      2.5916   999  00:09:58  (2 component(s) constrained)
  -1008.4281      2.5869   999  00:09:58  (2 component(s) constrained)
  -1008.3736      2.5843   999  00:09:58
  -1008.3565      2.5825   999  00:09:59
  -1008.3547      2.5819   999  00:09:59
  -1008.3547      2.5820   999  00:09:59

Finished on: Fri Nov 14 00:09:59 2008
 
LogLikelihood Converged 

asreml(): 2.00 Library: 2.00bb  Run: Fri Nov 14 00:09:59 2008
Licensed to: CSIRO
Serial Number: 402061835 Expires: 31-aug-2009 (290 days)

Equations:  90 (1 dense)
Initial update shrinkage factor: 0.316
     LogLik         S2      DF

  -1039.1157      2.3910   999  00:09:59  (6 component(s) constrained)
  -1005.3406      2.5134   999  00:10:00  (3 component(s) constrained)
   -996.4987      2.5110   999  00:10:00  (3 component(s) constrained)
   -994.7943      2.5015   999  00:10:00  (3 component(s) constrained)
   -994.3703      2.4943   999  00:10:00  (3 component(s) constrained)
   -994.2440      2.4902   999  00:10:00
   -994.2015      2.4872   999  00:10:00
   -994.1971      2.4860   999  00:10:01
   -994.1971      2.4861   999  00:10:01

Finished on: Fri Nov 14 00:10:01 2008
 
LogLikelihood Converged 

asreml(): 2.00 Library: 2.00bb  Run: Fri Nov 14 00:10:01 2008
Licensed to: CSIRO
Serial Number: 402061835 Expires: 31-aug-2009 (290 days)

Equations:  90 (1 dense)
Initial update shrinkage factor: 0.316
     LogLik         S2      DF

  -1039.5775      2.3906   999  00:10:01  (6 component(s) constrained)
  -1003.9314      2.5098   999  00:10:01  (3 component(s) constrained)
   -996.0802      2.5093   999  00:10:02  (2 component(s) constrained)
   -994.6955      2.4995   999  00:10:02  (2 component(s) constrained)
   -994.2960      2.4923   999  00:10:02  (2 component(s) constrained)
   -994.1710      2.4882   999  00:10:02
   -994.1282      2.4852   999  00:10:02
   -994.1237      2.4840   999  00:10:02
   -994.1237      2.4841   999  00:10:03

Finished on: Fri Nov 14 00:10:03 2008
 
LogLikelihood Converged 

asreml(): 2.00 Library: 2.00bb  Run: Fri Nov 14 00:10:03 2008
Licensed to: CSIRO
Serial Number: 402061835 Expires: 31-aug-2009 (290 days)

Equations:  90 (1 dense)
Initial update shrinkage factor: 0.316
     LogLik         S2      DF

  -1038.2667      2.3852   999  00:10:03  (6 component(s) constrained)
  -1004.6538      2.5105   999  00:10:03  (3 component(s) constrained)
   -996.2714      2.5087   999  00:10:03  (2 component(s) constrained)
   -994.6938      2.4985   999  00:10:03  (2 component(s) constrained)
   -994.2896      2.4917   999  00:10:04  (2 component(s) constrained)
   -994.1688      2.4879   999  00:10:04
   -994.1280      2.4851   999  00:10:04
   -994.1238      2.4840   999  00:10:04
   -994.1238      2.4841   999  00:10:04

Finished on: Fri Nov 14 00:10:04 2008
 
LogLikelihood Converged 

asreml(): 2.00 Library: 2.00bb  Run: Fri Nov 14 00:10:05 2008
Licensed to: CSIRO
Serial Number: 402061835 Expires: 31-aug-2009 (290 days)

Equations:  90 (1 dense)
Initial update shrinkage factor: 0.316
     LogLik         S2      DF

  -1037.7739      2.3843   999  00:10:05  (6 component(s) constrained)
  -1003.7971      2.5044   999  00:10:05  (3 component(s) constrained)
   -996.0396      2.5077   999  00:10:05  (2 component(s) constrained)
   -994.6893      2.4987   999  00:10:05  (2 component(s) constrained)
   -994.2945      2.4919   999  00:10:05  (2 component(s) constrained)
   -994.1706      2.4880   999  00:10:06
   -994.1281      2.4851   999  00:10:06
   -994.1237      2.4840   999  00:10:06
   -994.1237      2.4841   999  00:10:06

Finished on: Fri Nov 14 00:10:06 2008
 
LogLikelihood Converged 
*******************************************
Marker Selection Iteration  2  for  Chr1 
*******************************************

asreml(): 2.00 Library: 2.00bb  Run: Fri Nov 14 00:10:08 2008
Licensed to: CSIRO
Serial Number: 402061835 Expires: 31-aug-2009 (290 days)

Equations:  47 (2 dense)
Initial update shrinkage factor: 0.316
     LogLik         S2      DF

  -1052.7330      2.6914   998  00:10:08  (3 component(s) constrained)
  -1042.4022      2.8023   998  00:10:08
  -1040.5562      2.7868   998  00:10:08
  -1039.5612      2.7684   998  00:10:08
  -1039.4524      2.7618   998  00:10:08
  -1039.4505      2.7611   998  00:10:08
  -1039.4505      2.7611   998  00:10:08

Finished on: Fri Nov 14 00:10:09 2008
 
LogLikelihood Converged 

asreml(): 2.00 Library: 2.00bb  Run: Fri Nov 14 00:10:10 2008
Licensed to: CSIRO
Serial Number: 402061835 Expires: 31-aug-2009 (290 days)

Equations:  47 (2 dense)
Initial update shrinkage factor: 0.316
     LogLik         S2      DF

  -1046.9705      2.6606   998  00:10:10  (3 component(s) constrained)
  -1034.9621      2.7643   998  00:10:10
  -1033.4153      2.7498   998  00:10:10
  -1032.5975      2.7338   998  00:10:11
  -1032.5293      2.7284   998  00:10:11
  -1032.5286      2.7281   998  00:10:11

Finished on: Fri Nov 14 00:10:11 2008
 
LogLikelihood Converged 

asreml(): 2.00 Library: 2.00bb  Run: Fri Nov 14 00:10:12 2008
Licensed to: CSIRO
Serial Number: 402061835 Expires: 31-aug-2009 (290 days)

Equations:  47 (2 dense)
Initial update shrinkage factor: 0.316
     LogLik         S2      DF

  -1042.5152      2.6369   998  00:10:13  (2 component(s) constrained)
  -1031.4361      2.7400   998  00:10:13
  -1029.7329      2.7244   998  00:10:13
  -1028.8614      2.7069   998  00:10:13
  -1028.7805      2.7014   998  00:10:13
  -1028.7793      2.7009   998  00:10:13
  -1028.7793      2.7009   998  00:10:13

Finished on: Fri Nov 14 00:10:13 2008
 
LogLikelihood Converged 

asreml(): 2.00 Library: 2.00bb  Run: Fri Nov 14 00:10:15 2008
Licensed to: CSIRO
Serial Number: 402061835 Expires: 31-aug-2009 (290 days)

Equations:  47 (2 dense)
Initial update shrinkage factor: 0.316
     LogLik         S2      DF

  -1015.8444      2.4997   998  00:10:15  (2 component(s) constrained)
  -1008.4246      2.6114   998  00:10:15
  -1006.0802      2.5905   998  00:10:15
  -1004.8732      2.5679   998  00:10:15
  -1004.7777      2.5606   998  00:10:15
  -1004.7766      2.5602   998  00:10:15
  -1004.7766      2.5602   998  00:10:15

Finished on: Fri Nov 14 00:10:15 2008
 
LogLikelihood Converged 

asreml(): 2.00 Library: 2.00bb  Run: Fri Nov 14 00:10:17 2008
Licensed to: CSIRO
Serial Number: 402061835 Expires: 31-aug-2009 (290 days)

Equations:  47 (2 dense)
Initial update shrinkage factor: 0.316
     LogLik         S2      DF

  -1020.5800      2.5234   998  00:10:17  (3 component(s) constrained)
  -1011.9397      2.6360   998  00:10:17
  -1009.4821      2.6148   998  00:10:17
  -1008.1926      2.5916   998  00:10:17
  -1008.0901      2.5840   998  00:10:17
  -1008.0892      2.5837   998  00:10:17

Finished on: Fri Nov 14 00:10:17 2008
 
LogLikelihood Converged 

asreml(): 2.00 Library: 2.00bb  Run: Fri Nov 14 00:10:19 2008
Licensed to: CSIRO
Serial Number: 402061835 Expires: 31-aug-2009 (290 days)

Equations:  47 (2 dense)
Initial update shrinkage factor: 0.316
     LogLik         S2      DF

  -1028.0116      2.5614   998  00:10:19  (2 component(s) constrained)
  -1019.4714      2.6639   998  00:10:19
  -1017.4569      2.6480   998  00:10:19
  -1016.4889      2.6294   998  00:10:20
  -1016.4146      2.6236   998  00:10:20
  -1016.4139      2.6235   998  00:10:20

Finished on: Fri Nov 14 00:10:20 2008
 
LogLikelihood Converged 

asreml(): 2.00 Library: 2.00bb  Run: Fri Nov 14 00:10:21 2008
Licensed to: CSIRO
Serial Number: 402061835 Expires: 31-aug-2009 (290 days)

Equations:  47 (2 dense)
Initial update shrinkage factor: 0.316
     LogLik         S2      DF

  -1020.1138      2.5211   998  00:10:21  (3 component(s) constrained)
  -1011.7816      2.6307   998  00:10:22
  -1009.5042      2.6121   998  00:10:22
  -1008.3139      2.5909   998  00:10:22
  -1008.2025      2.5836   998  00:10:22
  -1008.2011      2.5831   998  00:10:22
  -1008.2011      2.5831   998  00:10:22

Finished on: Fri Nov 14 00:10:22 2008
 
LogLikelihood Converged 

asreml(): 2.00 Library: 2.00bb  Run: Fri Nov 14 00:10:24 2008
Licensed to: CSIRO
Serial Number: 402061835 Expires: 31-aug-2009 (290 days)

Equations:  47 (2 dense)
Initial update shrinkage factor: 0.316
     LogLik         S2      DF

  -1014.2617      2.4918   998  00:10:24  (2 component(s) constrained)
  -1002.8719      2.5862   998  00:10:24
  -1001.3034      2.5711   998  00:10:24
  -1000.4972      2.5555   998  00:10:24
  -1000.4220      2.5509   998  00:10:24
  -1000.4205      2.5505   998  00:10:24
  -1000.4205      2.5505   998  00:10:24

Finished on: Fri Nov 14 00:10:24 2008
 
LogLikelihood Converged 

asreml(): 2.00 Library: 2.00bb  Run: Fri Nov 14 00:10:26 2008
Licensed to: CSIRO
Serial Number: 402061835 Expires: 31-aug-2009 (290 days)

Equations:  47 (2 dense)
Initial update shrinkage factor: 0.316
     LogLik         S2      DF

  -1029.3181      2.5682   998  00:10:26  (2 component(s) constrained)
  -1015.8142      2.6419   998  00:10:26
  -1015.0463      2.6346   998  00:10:26
  -1014.7665      2.6268   998  00:10:26
  -1014.7495      2.6256   998  00:10:26
  -1014.7489      2.6255   998  00:10:26

Finished on: Fri Nov 14 00:10:26 2008
 
LogLikelihood Converged 

asreml(): 2.00 Library: 2.00bb  Run: Fri Nov 14 00:10:28 2008
Licensed to: CSIRO
Serial Number: 402061835 Expires: 31-aug-2009 (290 days)

Equations:  47 (2 dense)
Initial update shrinkage factor: 0.316
     LogLik         S2      DF

  -1038.4565      2.6156   998  00:10:28  (3 component(s) constrained)
  -1026.0003      2.7146   998  00:10:28
  -1024.3401      2.6996   998  00:10:28
  -1023.4145      2.6836   998  00:10:28
  -1023.3121      2.6781   998  00:10:28
  -1023.3100      2.6775   998  00:10:28
  -1023.3100      2.6775   998  00:10:29

Finished on: Fri Nov 14 00:10:29 2008
 
LogLikelihood Converged 

asreml(): 2.00 Library: 2.00bb  Run: Fri Nov 14 00:10:30 2008
Licensed to: CSIRO
Serial Number: 402061835 Expires: 31-aug-2009 (290 days)

Equations:  47 (2 dense)
Initial update shrinkage factor: 0.316
     LogLik         S2      DF

  -1046.5727      2.6584   998  00:10:30  (3 component(s) constrained)
  -1034.1361      2.7574   998  00:10:30
  -1032.5615      2.7444   998  00:10:31
  -1031.7508      2.7293   998  00:10:31
  -1031.6698      2.7242   998  00:10:31
  -1031.6682      2.7236   998  00:10:31
  -1031.6682      2.7236   998  00:10:31

Finished on: Fri Nov 14 00:10:31 2008
 
LogLikelihood Converged 
*******************************************
Marker Selection Iteration  2  for  Chr2 
*******************************************

asreml(): 2.00 Library: 2.00bb  Run: Fri Nov 14 00:10:33 2008
Licensed to: CSIRO
Serial Number: 402061835 Expires: 31-aug-2009 (290 days)

Equations:  47 (2 dense)
Initial update shrinkage factor: 0.316
     LogLik         S2      DF

  -1024.1641      2.5408   998  00:10:33  (2 component(s) constrained)
  -1016.2065      2.6419   998  00:10:33
  -1014.0247      2.6295   998  00:10:33
  -1013.1190      2.6110   998  00:10:33
  -1013.0481      2.6057   998  00:10:33
  -1013.0474      2.6055   998  00:10:33

Finished on: Fri Nov 14 00:10:33 2008
 
LogLikelihood Converged 

asreml(): 2.00 Library: 2.00bb  Run: Fri Nov 14 00:10:35 2008
Licensed to: CSIRO
Serial Number: 402061835 Expires: 31-aug-2009 (290 days)

Equations:  47 (2 dense)
Initial update shrinkage factor: 0.316
     LogLik         S2      DF

  -1022.4721      2.5323   998  00:10:35  (2 component(s) constrained)
  -1014.6324      2.6378   998  00:10:35
  -1012.2618      2.6230   998  00:10:35
  -1011.2811      2.6024   998  00:10:35
  -1011.2138      2.5965   998  00:10:35
  -1011.2131      2.5964   998  00:10:35

Finished on: Fri Nov 14 00:10:35 2008
 
LogLikelihood Converged 

asreml(): 2.00 Library: 2.00bb  Run: Fri Nov 14 00:10:37 2008
Licensed to: CSIRO
Serial Number: 402061835 Expires: 31-aug-2009 (290 days)

Equations:  47 (2 dense)
Initial update shrinkage factor: 0.316
     LogLik         S2      DF

  -1024.1415      2.5407   998  00:10:37  (2 component(s) constrained)
  -1015.7592      2.6444   998  00:10:37
  -1013.4518      2.6303   998  00:10:37
  -1012.5039      2.6102   998  00:10:37
  -1012.4306      2.6046   998  00:10:37
  -1012.4298      2.6043   998  00:10:37

Finished on: Fri Nov 14 00:10:37 2008
 
LogLikelihood Converged 

asreml(): 2.00 Library: 2.00bb  Run: Fri Nov 14 00:10:39 2008
Licensed to: CSIRO
Serial Number: 402061835 Expires: 31-aug-2009 (290 days)

Equations:  47 (2 dense)
Initial update shrinkage factor: 0.316
     LogLik         S2      DF

  -1022.2039      2.5309   998  00:10:39  (2 component(s) constrained)
  -1013.9941      2.6393   998  00:10:39
  -1011.4684      2.6234   998  00:10:39
  -1010.3819      2.6014   998  00:10:39
  -1010.2954      2.5948   998  00:10:39
  -1010.2945      2.5944   998  00:10:40

Finished on: Fri Nov 14 00:10:40 2008
 
LogLikelihood Converged 

asreml(): 2.00 Library: 2.00bb  Run: Fri Nov 14 00:10:41 2008
Licensed to: CSIRO
Serial Number: 402061835 Expires: 31-aug-2009 (290 days)

Equations:  47 (2 dense)
Initial update shrinkage factor: 0.316
     LogLik         S2      DF

  -1026.8266      2.5544   998  00:10:41  (2 component(s) constrained)
  -1018.3042      2.6554   998  00:10:41
  -1016.2072      2.6423   998  00:10:42
  -1015.3638      2.6238   998  00:10:42
  -1015.3005      2.6187   998  00:10:42
  -1015.2998      2.6184   998  00:10:42

Finished on: Fri Nov 14 00:10:42 2008
 
LogLikelihood Converged 

asreml(): 2.00 Library: 2.00bb  Run: Fri Nov 14 00:10:44 2008
Licensed to: CSIRO
Serial Number: 402061835 Expires: 31-aug-2009 (290 days)

Equations:  47 (2 dense)
Initial update shrinkage factor: 0.316
     LogLik         S2      DF

  -1028.1989      2.5614   998  00:10:44  (2 component(s) constrained)
  -1020.4113      2.6670   998  00:10:44
  -1018.1402      2.6518   998  00:10:44
  -1017.1620      2.6317   998  00:10:44
  -1017.0850      2.6257   998  00:10:44
  -1017.0841      2.6253   998  00:10:44

Finished on: Fri Nov 14 00:10:44 2008
 
LogLikelihood Converged 

asreml(): 2.00 Library: 2.00bb  Run: Fri Nov 14 00:10:46 2008
Licensed to: CSIRO
Serial Number: 402061835 Expires: 31-aug-2009 (290 days)

Equations:  47 (2 dense)
Initial update shrinkage factor: 0.316
     LogLik         S2      DF

  -1024.9323      2.5446   998  00:10:46  (3 component(s) constrained)
  -1018.1063      2.6629   998  00:10:46
  -1015.1786      2.6435   998  00:10:46
  -1013.7471      2.6183   998  00:10:46
  -1013.6054      2.6094   998  00:10:46
  -1013.6034      2.6086   998  00:10:46
  -1013.6034      2.6086   998  00:10:46

Finished on: Fri Nov 14 00:10:46 2008
 
LogLikelihood Converged 

asreml(): 2.00 Library: 2.00bb  Run: Fri Nov 14 00:10:48 2008
Licensed to: CSIRO
Serial Number: 402061835 Expires: 31-aug-2009 (290 days)

Equations:  47 (2 dense)
Initial update shrinkage factor: 0.316
     LogLik         S2      DF

  -1019.3228      2.5162   998  00:10:48  (3 component(s) constrained)
  -1012.5618      2.6344   998  00:10:48
  -1009.6002      2.6150   998  00:10:48
  -1008.1505      2.5897   998  00:10:48
  -1008.0096      2.5807   998  00:10:48
  -1008.0075      2.5799   998  00:10:48
  -1008.0075      2.5799   998  00:10:48

Finished on: Fri Nov 14 00:10:48 2008
 
LogLikelihood Converged 

asreml(): 2.00 Library: 2.00bb  Run: Fri Nov 14 00:10:50 2008
Licensed to: CSIRO
Serial Number: 402061835 Expires: 31-aug-2009 (290 days)

Equations:  47 (2 dense)
Initial update shrinkage factor: 0.316
     LogLik         S2      DF

  -1023.2068      2.5359   998  00:10:50  (2 component(s) constrained)
  -1015.3966      2.6394   998  00:10:50
  -1013.2471      2.6255   998  00:10:50
  -1012.3512      2.6064   998  00:10:50
  -1012.2893      2.6007   998  00:10:51
  -1012.2886      2.6005   998  00:10:51

Finished on: Fri Nov 14 00:10:51 2008
 
LogLikelihood Converged 

asreml(): 2.00 Library: 2.00bb  Run: Fri Nov 14 00:10:52 2008
Licensed to: CSIRO
Serial Number: 402061835 Expires: 31-aug-2009 (290 days)

Equations:  47 (2 dense)
Initial update shrinkage factor: 0.316
     LogLik         S2      DF

  -1024.3145      2.5415   998  00:10:52  (2 component(s) constrained)
  -1016.6599      2.6499   998  00:10:53
  -1014.3207      2.6340   998  00:10:53
  -1013.3212      2.6131   998  00:10:53
  -1013.2552      2.6067   998  00:10:53
  -1013.2545      2.6065   998  00:10:53

Finished on: Fri Nov 14 00:10:53 2008
 
LogLikelihood Converged 

asreml(): 2.00 Library: 2.00bb  Run: Fri Nov 14 00:10:55 2008
Licensed to: CSIRO
Serial Number: 402061835 Expires: 31-aug-2009 (290 days)

Equations:  47 (2 dense)
Initial update shrinkage factor: 0.316
     LogLik         S2      DF

  -1026.1071      2.5506   998  00:10:55  (2 component(s) constrained)
  -1018.0206      2.6492   998  00:10:55
  -1016.0365      2.6371   998  00:10:55
  -1015.2045      2.6201   998  00:10:55
  -1015.1395      2.6151   998  00:10:55
  -1015.1387      2.6148   998  00:10:55

Finished on: Fri Nov 14 00:10:55 2008
 
LogLikelihood Converged 
*******************************************
Marker Selection Iteration  2  for  Chr3 
*******************************************

asreml(): 2.00 Library: 2.00bb  Run: Fri Nov 14 00:10:57 2008
Licensed to: CSIRO
Serial Number: 402061835 Expires: 31-aug-2009 (290 days)

Equations:  47 (2 dense)
Initial update shrinkage factor: 0.316
     LogLik         S2      DF

  -1023.2570      2.5382   998  00:10:57  (2 component(s) constrained)
  -1014.9424      2.6212   998  00:10:57
  -1013.4338      2.6137   998  00:10:57
  -1012.6500      2.6023   998  00:10:57
  -1012.5553      2.5973   998  00:10:57
  -1012.5529      2.5966   998  00:10:57
  -1012.5529      2.5966   998  00:10:57

Finished on: Fri Nov 14 00:10:57 2008
 
LogLikelihood Converged 

asreml(): 2.00 Library: 2.00bb  Run: Fri Nov 14 00:10:59 2008
Licensed to: CSIRO
Serial Number: 402061835 Expires: 31-aug-2009 (290 days)

Equations:  47 (2 dense)
Initial update shrinkage factor: 0.316
     LogLik         S2      DF

  -1023.8670      2.5414   998  00:10:59  (2 component(s) constrained)
  -1015.4049      2.6250   998  00:10:59
  -1013.9069      2.6170   998  00:10:59
  -1013.1377      2.6055   998  00:10:59
  -1013.0517      2.6007   998  00:10:59
  -1013.0499      2.6001   998  00:10:59
  -1013.0499      2.6001   998  00:10:59

Finished on: Fri Nov 14 00:11:00 2008
 
LogLikelihood Converged 

asreml(): 2.00 Library: 2.00bb  Run: Fri Nov 14 00:11:01 2008
Licensed to: CSIRO
Serial Number: 402061835 Expires: 31-aug-2009 (290 days)

Equations:  47 (2 dense)
Initial update shrinkage factor: 0.316
     LogLik         S2      DF

  -1022.0201      2.5320   998  00:11:01  (2 component(s) constrained)
  -1013.9603      2.6172   998  00:11:01
  -1012.3371      2.6087   998  00:11:01
  -1011.4865      2.5964   998  00:11:02
  -1011.3867      2.5911   998  00:11:02
  -1011.3845      2.5905   998  00:11:02
  -1011.3845      2.5905   998  00:11:02

Finished on: Fri Nov 14 00:11:02 2008
 
LogLikelihood Converged 

asreml(): 2.00 Library: 2.00bb  Run: Fri Nov 14 00:11:03 2008
Licensed to: CSIRO
Serial Number: 402061835 Expires: 31-aug-2009 (290 days)

Equations:  47 (2 dense)
Initial update shrinkage factor: 0.316
     LogLik         S2      DF

  -1018.7591      2.5154   998  00:11:04  (2 component(s) constrained)
  -1011.2648      2.6015   998  00:11:04
  -1009.4800      2.5930   998  00:11:04
  -1008.5589      2.5800   998  00:11:04
  -1008.4506      2.5743   998  00:11:04
  -1008.4480      2.5736   998  00:11:04
  -1008.4480      2.5736   998  00:11:04

Finished on: Fri Nov 14 00:11:04 2008
 
LogLikelihood Converged 

asreml(): 2.00 Library: 2.00bb  Run: Fri Nov 14 00:11:06 2008
Licensed to: CSIRO
Serial Number: 402061835 Expires: 31-aug-2009 (290 days)

Equations:  47 (2 dense)
Initial update shrinkage factor: 0.316
     LogLik         S2      DF

  -1011.0506      2.4770   998  00:11:06  (2 component(s) constrained)
  -1003.0185      2.5627   998  00:11:06
  -1001.4073      2.5539   998  00:11:06
  -1000.6061      2.5414   998  00:11:06
  -1000.5334      2.5362   998  00:11:06
  -1000.5321      2.5358   998  00:11:06
  -1000.5321      2.5358   998  00:11:06

Finished on: Fri Nov 14 00:11:06 2008
 
LogLikelihood Converged 

asreml(): 2.00 Library: 2.00bb  Run: Fri Nov 14 00:11:08 2008
Licensed to: CSIRO
Serial Number: 402061835 Expires: 31-aug-2009 (290 days)

Equations:  47 (2 dense)
Initial update shrinkage factor: 0.316
     LogLik         S2      DF

   -999.3233      2.4194   998  00:11:08  (2 component(s) constrained)
   -990.7609      2.4953   998  00:11:08
   -989.1098      2.4905   998  00:11:08
   -988.3704      2.4803   998  00:11:08
   -988.2993      2.4759   998  00:11:08
   -988.2981      2.4756   998  00:11:08
   -988.2981      2.4756   998  00:11:08

Finished on: Fri Nov 14 00:11:08 2008
 
LogLikelihood Converged 

asreml(): 2.00 Library: 2.00bb  Run: Fri Nov 14 00:11:10 2008
Licensed to: CSIRO
Serial Number: 402061835 Expires: 31-aug-2009 (290 days)

Equations:  47 (2 dense)
Initial update shrinkage factor: 0.316
     LogLik         S2      DF

  -1007.2806      2.4582   998  00:11:10  (2 component(s) constrained)
   -999.3475      2.5472   998  00:11:10
   -997.4874      2.5360   998  00:11:10
   -996.4594      2.5222   998  00:11:10
   -996.3330      2.5165   998  00:11:11
   -996.3305      2.5158   998  00:11:11
   -996.3305      2.5159   998  00:11:11

Finished on: Fri Nov 14 00:11:11 2008
 
LogLikelihood Converged 

asreml(): 2.00 Library: 2.00bb  Run: Fri Nov 14 00:11:12 2008
Licensed to: CSIRO
Serial Number: 402061835 Expires: 31-aug-2009 (290 days)

Equations:  47 (2 dense)
Initial update shrinkage factor: 0.316
     LogLik         S2      DF

  -1010.1438      2.4725   998  00:11:13  (2 component(s) constrained)
  -1003.7884      2.5657   998  00:11:13
  -1001.5487      2.5542   998  00:11:13
  -1000.3163      2.5386   998  00:11:13
  -1000.1649      2.5317   998  00:11:13
  -1000.1620      2.5310   998  00:11:13
  -1000.1619      2.5310   998  00:11:13

Finished on: Fri Nov 14 00:11:13 2008
 
LogLikelihood Converged 

asreml(): 2.00 Library: 2.00bb  Run: Fri Nov 14 00:11:15 2008
Licensed to: CSIRO
Serial Number: 402061835 Expires: 31-aug-2009 (290 days)

Equations:  47 (2 dense)
Initial update shrinkage factor: 0.316
     LogLik         S2      DF

  -1016.7498      2.5054   998  00:11:15  (2 component(s) constrained)
  -1009.7079      2.5958   998  00:11:15
  -1007.7368      2.5846   998  00:11:15
  -1006.6685      2.5700   998  00:11:15
  -1006.5450      2.5638   998  00:11:15
  -1006.5426      2.5631   998  00:11:15
  -1006.5426      2.5632   998  00:11:15

Finished on: Fri Nov 14 00:11:15 2008
 
LogLikelihood Converged 

asreml(): 2.00 Library: 2.00bb  Run: Fri Nov 14 00:11:17 2008
Licensed to: CSIRO
Serial Number: 402061835 Expires: 31-aug-2009 (290 days)

Equations:  47 (2 dense)
Initial update shrinkage factor: 0.316
     LogLik         S2      DF

  -1018.1786      2.5125   998  00:11:17  (1 component(s) constrained)
  -1010.7662      2.6094   998  00:11:17
  -1008.8699      2.5945   998  00:11:17
  -1007.7825      2.5777   998  00:11:17
  -1007.6408      2.5716   998  00:11:17
  -1007.6374      2.5707   998  00:11:17
  -1007.6374      2.5707   998  00:11:17

Finished on: Fri Nov 14 00:11:17 2008
 
LogLikelihood Converged 

asreml(): 2.00 Library: 2.00bb  Run: Fri Nov 14 00:11:19 2008
Licensed to: CSIRO
Serial Number: 402061835 Expires: 31-aug-2009 (290 days)

Equations:  47 (2 dense)
Initial update shrinkage factor: 0.316
     LogLik         S2      DF

  -1021.1048      2.5274   998  00:11:19  (1 component(s) constrained)
  -1013.3015      2.6171   998  00:11:19
  -1011.6118      2.6052   998  00:11:19
  -1010.6948      2.5910   998  00:11:19
  -1010.5923      2.5856   998  00:11:19
  -1010.5905      2.5851   998  00:11:20
  -1010.5905      2.5851   998  00:11:20

Finished on: Fri Nov 14 00:11:20 2008
 
LogLikelihood Converged 
*******************************************
Marker Selection Iteration  2  for  Chr4 
*******************************************

asreml(): 2.00 Library: 2.00bb  Run: Fri Nov 14 00:11:21 2008
Licensed to: CSIRO
Serial Number: 402061835 Expires: 31-aug-2009 (290 days)

Equations:  47 (2 dense)
Initial update shrinkage factor: 0.316
     LogLik         S2      DF

  -1014.9629      2.4920   998  00:11:21  (1 component(s) constrained)
  -1007.6015      2.5868   998  00:11:22
  -1005.9458      2.5747   998  00:11:22
  -1005.0628      2.5600   998  00:11:22
  -1004.9837      2.5541   998  00:11:22
  -1004.9827      2.5536   998  00:11:22
  -1004.9827      2.5536   998  00:11:22

Finished on: Fri Nov 14 00:11:22 2008
 
LogLikelihood Converged 

asreml(): 2.00 Library: 2.00bb  Run: Fri Nov 14 00:11:24 2008
Licensed to: CSIRO
Serial Number: 402061835 Expires: 31-aug-2009 (290 days)

Equations:  47 (2 dense)
Initial update shrinkage factor: 0.316
     LogLik         S2      DF

  -1011.7127      2.4758   998  00:11:24  (2 component(s) constrained)
  -1004.4135      2.5671   998  00:11:24
  -1002.5226      2.5575   998  00:11:24
  -1001.5737      2.5433   998  00:11:24
  -1001.4816      2.5371   998  00:11:24
  -1001.4801      2.5366   998  00:11:24
  -1001.4801      2.5366   998  00:11:24

Finished on: Fri Nov 14 00:11:24 2008
 
LogLikelihood Converged 

asreml(): 2.00 Library: 2.00bb  Run: Fri Nov 14 00:11:26 2008
Licensed to: CSIRO
Serial Number: 402061835 Expires: 31-aug-2009 (290 days)

Equations:  47 (2 dense)
Initial update shrinkage factor: 0.316
     LogLik         S2      DF

  -1006.4752      2.4501   998  00:11:26  (2 component(s) constrained)
   -999.1284      2.5431   998  00:11:26
   -997.1455      2.5310   998  00:11:26
   -996.0923      2.5158   998  00:11:26
   -995.9934      2.5095   998  00:11:26
   -995.9922      2.5091   998  00:11:26
   -995.9922      2.5091   998  00:11:26

Finished on: Fri Nov 14 00:11:26 2008
 
LogLikelihood Converged 

asreml(): 2.00 Library: 2.00bb  Run: Fri Nov 14 00:11:28 2008
Licensed to: CSIRO
Serial Number: 402061835 Expires: 31-aug-2009 (290 days)

Equations:  47 (2 dense)
Initial update shrinkage factor: 0.316
     LogLik         S2      DF

   -999.2130      2.4148   998  00:11:28  (2 component(s) constrained)
   -991.7840      2.5019   998  00:11:28
   -989.6671      2.4919   998  00:11:28
   -988.6306      2.4776   998  00:11:28
   -988.5397      2.4718   998  00:11:28
   -988.5386      2.4715   998  00:11:28
   -988.5385      2.4715   998  00:11:29

Finished on: Fri Nov 14 00:11:29 2008
 
LogLikelihood Converged 

asreml(): 2.00 Library: 2.00bb  Run: Fri Nov 14 00:11:30 2008
Licensed to: CSIRO
Serial Number: 402061835 Expires: 31-aug-2009 (290 days)

Equations:  47 (2 dense)
Initial update shrinkage factor: 0.316
     LogLik         S2      DF

  -1002.9087      2.4327   998  00:11:30  (2 component(s) constrained)
   -995.6691      2.5241   998  00:11:30
   -993.4538      2.5124   998  00:11:31
   -992.3105      2.4968   998  00:11:31
   -992.1992      2.4904   998  00:11:31
   -992.1976      2.4900   998  00:11:31
   -992.1975      2.4900   998  00:11:31

Finished on: Fri Nov 14 00:11:31 2008
 
LogLikelihood Converged 

asreml(): 2.00 Library: 2.00bb  Run: Fri Nov 14 00:11:33 2008
Licensed to: CSIRO
Serial Number: 402061835 Expires: 31-aug-2009 (290 days)

Equations:  47 (2 dense)
Initial update shrinkage factor: 0.316
     LogLik         S2      DF

  -1008.3017      2.4591   998  00:11:33  (1 component(s) constrained)
  -1000.3667      2.5313   998  00:11:33
   -999.0721      2.5291   998  00:11:33
   -998.6038      2.5214   998  00:11:33
   -998.5706      2.5185   998  00:11:33
   -998.5698      2.5184   998  00:11:33

Finished on: Fri Nov 14 00:11:33 2008
 
LogLikelihood Converged 

asreml(): 2.00 Library: 2.00bb  Run: Fri Nov 14 00:11:35 2008
Licensed to: CSIRO
Serial Number: 402061835 Expires: 31-aug-2009 (290 days)

Equations:  47 (2 dense)
Initial update shrinkage factor: 0.316
     LogLik         S2      DF

  -1012.1055      2.4778   998  00:11:35  (1 component(s) constrained)
  -1005.1036      2.5492   998  00:11:35
  -1003.8055      2.5482   998  00:11:35
  -1003.2670      2.5412   998  00:11:35
  -1003.2148      2.5377   998  00:11:35
  -1003.2139      2.5374   998  00:11:35

Finished on: Fri Nov 14 00:11:35 2008
 
LogLikelihood Converged 

asreml(): 2.00 Library: 2.00bb  Run: Fri Nov 14 00:11:37 2008
Licensed to: CSIRO
Serial Number: 402061835 Expires: 31-aug-2009 (290 days)

Equations:  47 (2 dense)
Initial update shrinkage factor: 0.316
     LogLik         S2      DF

  -1012.7368      2.4809   998  00:11:37  (1 component(s) constrained)
  -1005.8245      2.5549   998  00:11:37
  -1004.4559      2.5527   998  00:11:37
  -1003.8930      2.5445   998  00:11:37
  -1003.8388      2.5407   998  00:11:37
  -1003.8378      2.5404   998  00:11:37

Finished on: Fri Nov 14 00:11:37 2008
 
LogLikelihood Converged 

asreml(): 2.00 Library: 2.00bb  Run: Fri Nov 14 00:11:39 2008
Licensed to: CSIRO
Serial Number: 402061835 Expires: 31-aug-2009 (290 days)

Equations:  47 (2 dense)
Initial update shrinkage factor: 0.316
     LogLik         S2      DF

  -1013.4812      2.4846   998  00:11:39  (1 component(s) constrained)
  -1005.9452      2.5605   998  00:11:39
  -1004.8019      2.5553   998  00:11:39
  -1004.2494      2.5472   998  00:11:39
  -1004.1990      2.5437   998  00:11:39
  -1004.1982      2.5435   998  00:11:39

Finished on: Fri Nov 14 00:11:40 2008
 
LogLikelihood Converged 

asreml(): 2.00 Library: 2.00bb  Run: Fri Nov 14 00:11:41 2008
Licensed to: CSIRO
Serial Number: 402061835 Expires: 31-aug-2009 (290 days)

Equations:  47 (2 dense)
Initial update shrinkage factor: 0.316
     LogLik         S2      DF

  -1015.2798      2.4936   998  00:11:41  (1 component(s) constrained)
  -1007.5951      2.5712   998  00:11:41
  -1006.5373      2.5658   998  00:11:41
  -1005.9980      2.5579   998  00:11:42
  -1005.9445      2.5543   998  00:11:42
  -1005.9436      2.5539   998  00:11:42

Finished on: Fri Nov 14 00:11:42 2008
 
LogLikelihood Converged 

asreml(): 2.00 Library: 2.00bb  Run: Fri Nov 14 00:11:43 2008
Licensed to: CSIRO
Serial Number: 402061835 Expires: 31-aug-2009 (290 days)

Equations:  47 (2 dense)
Initial update shrinkage factor: 0.316
     LogLik         S2      DF

  -1016.7997      2.5011   998  00:11:44  (1 component(s) constrained)
  -1009.3904      2.5800   998  00:11:44
  -1008.3281      2.5737   998  00:11:44
  -1007.7700      2.5652   998  00:11:44
  -1007.7113      2.5614   998  00:11:44
  -1007.7102      2.5610   998  00:11:44
  -1007.7102      2.5610   998  00:11:44

Finished on: Fri Nov 14 00:11:44 2008
 
LogLikelihood Converged 
*******************************************
Marker Selection Iteration  2  for  Chr5 
*******************************************

asreml(): 2.00 Library: 2.00bb  Run: Fri Nov 14 00:11:46 2008
Licensed to: CSIRO
Serial Number: 402061835 Expires: 31-aug-2009 (290 days)

Equations:  47 (2 dense)
Initial update shrinkage factor: 0.316
     LogLik         S2      DF

   -998.6965      2.4173   998  00:11:46  (2 component(s) constrained)
   -988.7283      2.4884   998  00:11:46
   -987.3775      2.4850   998  00:11:46
   -986.8657      2.4771   998  00:11:46
   -986.8339      2.4743   998  00:11:46
   -986.8329      2.4744   998  00:11:46

Finished on: Fri Nov 14 00:11:46 2008
 
LogLikelihood Converged 

asreml(): 2.00 Library: 2.00bb  Run: Fri Nov 14 00:11:48 2008
Licensed to: CSIRO
Serial Number: 402061835 Expires: 31-aug-2009 (290 days)

Equations:  47 (2 dense)
Initial update shrinkage factor: 0.316
     LogLik         S2      DF

  -1007.8392      2.4620   998  00:11:48  (2 component(s) constrained)
   -998.5824      2.5416   998  00:11:48
   -997.0997      2.5352   998  00:11:48
   -996.4510      2.5251   998  00:11:48
   -996.4103      2.5213   998  00:11:48
   -996.4095      2.5213   998  00:11:48

Finished on: Fri Nov 14 00:11:48 2008
 
LogLikelihood Converged 

asreml(): 2.00 Library: 2.00bb  Run: Fri Nov 14 00:11:50 2008
Licensed to: CSIRO
Serial Number: 402061835 Expires: 31-aug-2009 (290 days)

Equations:  47 (2 dense)
Initial update shrinkage factor: 0.316
     LogLik         S2      DF

  -1016.5423      2.5052   998  00:11:50  (2 component(s) constrained)
  -1007.7557      2.5843   998  00:11:50
  -1006.2317      2.5791   998  00:11:50
  -1005.5809      2.5693   998  00:11:50
  -1005.5356      2.5653   998  00:11:50
  -1005.5349      2.5652   998  00:11:50

Finished on: Fri Nov 14 00:11:50 2008
 
LogLikelihood Converged 

asreml(): 2.00 Library: 2.00bb  Run: Fri Nov 14 00:11:52 2008
Licensed to: CSIRO
Serial Number: 402061835 Expires: 31-aug-2009 (290 days)

Equations:  47 (2 dense)
Initial update shrinkage factor: 0.316
     LogLik         S2      DF

  -1018.4451      2.5147   998  00:11:52  (2 component(s) constrained)
  -1009.1838      2.5909   998  00:11:52
  -1007.7343      2.5876   998  00:11:52
  -1007.1493      2.5790   998  00:11:52
  -1007.1052      2.5754   998  00:11:53
  -1007.1045      2.5753   998  00:11:53

Finished on: Fri Nov 14 00:11:53 2008
 
LogLikelihood Converged 

asreml(): 2.00 Library: 2.00bb  Run: Fri Nov 14 00:11:54 2008
Licensed to: CSIRO
Serial Number: 402061835 Expires: 31-aug-2009 (290 days)

Equations:  47 (2 dense)
Initial update shrinkage factor: 0.316
     LogLik         S2      DF

  -1020.7911      2.5267   998  00:11:54  (2 component(s) constrained)
  -1011.3898      2.6022   998  00:11:55
  -1010.0409      2.5989   998  00:11:55
  -1009.5031      2.5906   998  00:11:55
  -1009.4654      2.5873   998  00:11:55
  -1009.4647      2.5872   998  00:11:55

Finished on: Fri Nov 14 00:11:55 2008
 
LogLikelihood Converged 

asreml(): 2.00 Library: 2.00bb  Run: Fri Nov 14 00:11:57 2008
Licensed to: CSIRO
Serial Number: 402061835 Expires: 31-aug-2009 (290 days)

Equations:  47 (2 dense)
Initial update shrinkage factor: 0.316
     LogLik         S2      DF

  -1021.6054      2.5308   998  00:11:57  (2 component(s) constrained)
  -1012.3703      2.6074   998  00:11:57
  -1010.9927      2.6036   998  00:11:57
  -1010.4314      2.5950   998  00:11:57
  -1010.3922      2.5915   998  00:11:57
  -1010.3915      2.5914   998  00:11:57

Finished on: Fri Nov 14 00:11:57 2008
 
LogLikelihood Converged 

asreml(): 2.00 Library: 2.00bb  Run: Fri Nov 14 00:11:59 2008
Licensed to: CSIRO
Serial Number: 402061835 Expires: 31-aug-2009 (290 days)

Equations:  47 (2 dense)
Initial update shrinkage factor: 0.316
     LogLik         S2      DF

  -1021.9898      2.5327   998  00:11:59  (2 component(s) constrained)
  -1013.0238      2.6096   998  00:11:59
  -1011.5791      2.6062   998  00:11:59
  -1010.9986      2.5974   998  00:11:59
  -1010.9571      2.5937   998  00:11:59
  -1010.9565      2.5936   998  00:11:59

Finished on: Fri Nov 14 00:11:59 2008
 
LogLikelihood Converged 

asreml(): 2.00 Library: 2.00bb  Run: Fri Nov 14 00:12:01 2008
Licensed to: CSIRO
Serial Number: 402061835 Expires: 31-aug-2009 (290 days)

Equations:  47 (2 dense)
Initial update shrinkage factor: 0.316
     LogLik         S2      DF

  -1022.1149      2.5335   998  00:12:01  (2 component(s) constrained)
  -1013.1554      2.6099   998  00:12:01
  -1011.6903      2.6067   998  00:12:01
  -1011.1169      2.5979   998  00:12:01
  -1011.0774      2.5944   998  00:12:01
  -1011.0768      2.5943   998  00:12:01

Finished on: Fri Nov 14 00:12:01 2008
 
LogLikelihood Converged 

asreml(): 2.00 Library: 2.00bb  Run: Fri Nov 14 00:12:03 2008
Licensed to: CSIRO
Serial Number: 402061835 Expires: 31-aug-2009 (290 days)

Equations:  47 (2 dense)
Initial update shrinkage factor: 0.316
     LogLik         S2      DF

  -1022.1913      2.5340   998  00:12:03  (2 component(s) constrained)
  -1013.1491      2.6100   998  00:12:03
  -1011.7359      2.6067   998  00:12:03
  -1011.1796      2.5982   998  00:12:03
  -1011.1418      2.5947   998  00:12:04
  -1011.1411      2.5946   998  00:12:04

Finished on: Fri Nov 14 00:12:04 2008
 
LogLikelihood Converged 

asreml(): 2.00 Library: 2.00bb  Run: Fri Nov 14 00:12:05 2008
Licensed to: CSIRO
Serial Number: 402061835 Expires: 31-aug-2009 (290 days)

Equations:  47 (2 dense)
Initial update shrinkage factor: 0.316
     LogLik         S2      DF

  -1022.1762      2.5339   998  00:12:05  (2 component(s) constrained)
  -1013.2203      2.6100   998  00:12:06
  -1011.7858      2.6069   998  00:12:06
  -1011.2228      2.5982   998  00:12:06
  -1011.1845      2.5947   998  00:12:06
  -1011.1839      2.5946   998  00:12:06

Finished on: Fri Nov 14 00:12:06 2008
 
LogLikelihood Converged 

asreml(): 2.00 Library: 2.00bb  Run: Fri Nov 14 00:12:08 2008
Licensed to: CSIRO
Serial Number: 402061835 Expires: 31-aug-2009 (290 days)

Equations:  47 (2 dense)
Initial update shrinkage factor: 0.316
     LogLik         S2      DF

  -1022.1753      2.5338   998  00:12:08  (2 component(s) constrained)
  -1013.1380      2.6100   998  00:12:08
  -1011.6972      2.6068   998  00:12:08
  -1011.1262      2.5981   998  00:12:08
  -1011.0862      2.5946   998  00:12:08
  -1011.0855      2.5945   998  00:12:08

Finished on: Fri Nov 14 00:12:08 2008
 
LogLikelihood Converged 
*******************************************
Testing chromosomes for Iteration  2 
*******************************************

asreml(): 2.00 Library: 2.00bb  Run: Fri Nov 14 00:12:18 2008
Licensed to: CSIRO
Serial Number: 402061835 Expires: 31-aug-2009 (290 days)

Equations:  57 (6 dense)
Initial update shrinkage factor: 0.316
     LogLik         S2      DF

  -1006.9501      2.4011   994  00:12:18  (5 component(s) constrained)
   -980.0418      2.4715   994  00:12:18  (3 component(s) constrained)
   -973.0172      2.4651   994  00:12:18  (3 component(s) constrained)
   -971.8341      2.4573   994  00:12:18  (3 component(s) constrained)
   -971.5540      2.4518   994  00:12:18  (3 component(s) constrained)
   -971.4712      2.4486   994  00:12:18
   -971.4430      2.4462   994  00:12:18
   -971.4396      2.4452   994  00:12:18
   -971.4396      2.4452   994  00:12:18

Finished on: Fri Nov 14 00:12:18 2008
 
LogLikelihood Converged 

asreml(): 2.00 Library: 2.00bb  Run: Fri Nov 14 00:12:19 2008
Licensed to: CSIRO
Serial Number: 402061835 Expires: 31-aug-2009 (290 days)

Equations:  47 (6 dense)
Initial update shrinkage factor: 0.316
     LogLik         S2      DF

  -1013.0081      2.4836   994  00:12:19  (4 component(s) constrained)
   -989.3068      2.5316   994  00:12:19  (3 component(s) constrained)
   -982.9877      2.5322   994  00:12:19  (3 component(s) constrained)
   -982.0030      2.5280   994  00:12:19  (3 component(s) constrained)
   -981.7859      2.5245   994  00:12:19  (3 component(s) constrained)
   -981.7233      2.5224   994  00:12:19
   -981.7029      2.5209   994  00:12:19
   -981.7009      2.5203   994  00:12:19
   -981.7009      2.5204   994  00:12:19

Finished on: Fri Nov 14 00:12:19 2008
 
LogLikelihood Converged 

asreml(): 2.00 Library: 2.00bb  Run: Fri Nov 14 00:12:19 2008
Licensed to: CSIRO
Serial Number: 402061835 Expires: 31-aug-2009 (290 days)

Equations:  47 (6 dense)
Initial update shrinkage factor: 0.316
     LogLik         S2      DF

  -1018.2638      2.5089   994  00:12:19  (3 component(s) constrained)
   -996.0331      2.5350   994  00:12:19  (3 component(s) constrained)
   -990.3485      2.5495   994  00:12:19  (2 component(s) constrained)
   -989.6972      2.5517   994  00:12:19  (3 component(s) constrained)
   -989.7050      2.5509   994  00:12:19  (2 component(s) constrained)
   -989.5994      2.5519   994  00:12:19  (1 component(s) constrained)
   -989.5888      2.5520   994  00:12:20  (1 component(s) constrained)
   -989.5866      2.5520   994  00:12:20
   -989.5860      2.5520   994  00:12:20

Finished on: Fri Nov 14 00:12:20 2008
 
LogLikelihood Converged 
      Change(%)
Block      1.66

asreml(): 2.00 Library: 2.00bb  Run: Fri Nov 14 00:12:20 2008
Licensed to: CSIRO
Serial Number: 402061835 Expires: 31-aug-2009 (290 days)

Equations:  47 (6 dense)
Initial update shrinkage factor: 0.316
     LogLik         S2      DF

   -997.4973      2.4084   994  00:12:20  (4 component(s) constrained)
   -978.2796      2.4765   994  00:12:20  (2 component(s) constrained)
   -972.8844      2.4659   994  00:12:20  (2 component(s) constrained)
   -971.8224      2.4573   994  00:12:20  (2 component(s) constrained)
   -971.5519      2.4517   994  00:12:20  (2 component(s) constrained)
   -971.4707      2.4485   994  00:12:20
   -971.4429      2.4462   994  00:12:20
   -971.4396      2.4452   994  00:12:20
   -971.4396      2.4452   994  00:12:20

Finished on: Fri Nov 14 00:12:20 2008
 
LogLikelihood Converged 

asreml(): 2.00 Library: 2.00bb  Run: Fri Nov 14 00:12:20 2008
Licensed to: CSIRO
Serial Number: 402061835 Expires: 31-aug-2009 (290 days)

Equations:  47 (6 dense)
Initial update shrinkage factor: 0.316
     LogLik         S2      DF

   -997.8546      2.4056   994  00:12:20  (4 component(s) constrained)
   -978.0720      2.4734   994  00:12:20  (2 component(s) constrained)
   -972.8187      2.4654   994  00:12:21  (2 component(s) constrained)
   -971.8236      2.4574   994  00:12:21  (2 component(s) constrained)
   -971.5544      2.4518   994  00:12:21  (2 component(s) constrained)
   -971.4716      2.4486   994  00:12:21
   -971.4430      2.4462   994  00:12:21
   -971.4396      2.4452   994  00:12:21
   -971.4396      2.4452   994  00:12:21

Finished on: Fri Nov 14 00:12:21 2008
 
LogLikelihood Converged 

asreml(): 2.00 Library: 2.00bb  Run: Fri Nov 14 00:12:21 2008
Licensed to: CSIRO
Serial Number: 402061835 Expires: 31-aug-2009 (290 days)

Equations:  47 (6 dense)
Initial update shrinkage factor: 0.316
     LogLik         S2      DF

   -997.2579      2.4082   994  00:12:21  (4 component(s) constrained)
   -977.6308      2.4742   994  00:12:21  (2 component(s) constrained)
   -972.7670      2.4657   994  00:12:21  (2 component(s) constrained)
   -971.8233      2.4575   994  00:12:21  (2 component(s) constrained)
   -971.5552      2.4519   994  00:12:21  (2 component(s) constrained)
   -971.4718      2.4486   994  00:12:21
   -971.4430      2.4462   994  00:12:21
   -971.4396      2.4452   994  00:12:21
   -971.4396      2.4452   994  00:12:21

Finished on: Fri Nov 14 00:12:21 2008
 
LogLikelihood Converged 
*******************************************
Marker Selection Iteration  3  for  Chr1 
*******************************************

asreml(): 2.00 Library: 2.00bb  Run: Fri Nov 14 00:12:23 2008
Licensed to: CSIRO
Serial Number: 402061835 Expires: 31-aug-2009 (290 days)

Equations:  18 (7 dense)
Initial update shrinkage factor: 0.316
     LogLik         S2      DF

   -985.0966      2.5007   993  00:12:23  (1 component(s) constrained)
   -983.2212      2.5334   993  00:12:23
   -982.1836      2.5235   993  00:12:23
   -981.5900      2.5140   993  00:12:23
   -981.5341      2.5109   993  00:12:23
   -981.5333      2.5107   993  00:12:23

Finished on: Fri Nov 14 00:12:23 2008
 
LogLikelihood Converged 

asreml(): 2.00 Library: 2.00bb  Run: Fri Nov 14 00:12:25 2008
Licensed to: CSIRO
Serial Number: 402061835 Expires: 31-aug-2009 (290 days)

Equations:  18 (7 dense)
Initial update shrinkage factor: 0.316
     LogLik         S2      DF

   -982.7447      2.4890   993  00:12:25  (1 component(s) constrained)
   -980.5445      2.5199   993  00:12:25
   -979.6198      2.5108   993  00:12:25
   -979.1034      2.5020   993  00:12:25
   -979.0582      2.4992   993  00:12:25
   -979.0574      2.4991   993  00:12:25

Finished on: Fri Nov 14 00:12:25 2008
 
LogLikelihood Converged 

asreml(): 2.00 Library: 2.00bb  Run: Fri Nov 14 00:12:26 2008
Licensed to: CSIRO
Serial Number: 402061835 Expires: 31-aug-2009 (290 days)

Equations:  18 (7 dense)
Initial update shrinkage factor: 0.316
     LogLik         S2      DF

   -981.1803      2.4813   993  00:12:26  (1 component(s) constrained)
   -979.3181      2.5137   993  00:12:26
   -978.3058      2.5040   993  00:12:26
   -977.7199      2.4946   993  00:12:26
   -977.6625      2.4914   993  00:12:26
   -977.6617      2.4912   993  00:12:26

Finished on: Fri Nov 14 00:12:26 2008
 
LogLikelihood Converged 

asreml(): 2.00 Library: 2.00bb  Run: Fri Nov 14 00:12:28 2008
Licensed to: CSIRO
Serial Number: 402061835 Expires: 31-aug-2009 (290 days)

Equations:  18 (7 dense)
Initial update shrinkage factor: 0.316
     LogLik         S2      DF

   -969.5744      2.4243   993  00:12:28  (1 component(s) constrained)
   -966.9421      2.4523   993  00:12:28
   -966.1080      2.4440   993  00:12:28
   -965.6618      2.4361   993  00:12:28
   -965.6259      2.4339   993  00:12:28
   -965.6248      2.4338   993  00:12:28
   -965.6248      2.4338   993  00:12:28

Finished on: Fri Nov 14 00:12:28 2008
 
LogLikelihood Converged 

asreml(): 2.00 Library: 2.00bb  Run: Fri Nov 14 00:12:30 2008
Licensed to: CSIRO
Serial Number: 402061835 Expires: 31-aug-2009 (290 days)

Equations:  18 (7 dense)
Initial update shrinkage factor: 0.316
     LogLik         S2      DF

   -975.5790      2.4541   993  00:12:30  (1 component(s) constrained)
   -973.3656      2.4845   993  00:12:30
   -972.3989      2.4752   993  00:12:30
   -971.8641      2.4665   993  00:12:30
   -971.8184      2.4637   993  00:12:30
   -971.8175      2.4637   993  00:12:30

Finished on: Fri Nov 14 00:12:30 2008
 
LogLikelihood Converged 

asreml(): 2.00 Library: 2.00bb  Run: Fri Nov 14 00:12:31 2008
Licensed to: CSIRO
Serial Number: 402061835 Expires: 31-aug-2009 (290 days)

Equations:  18 (7 dense)
Initial update shrinkage factor: 0.316
     LogLik         S2      DF

   -982.1110      2.4868   993  00:12:31  (1 component(s) constrained)
   -980.0894      2.5185   993  00:12:31
   -979.0870      2.5089   993  00:12:31
   -978.5216      2.4997   993  00:12:31
   -978.4706      2.4967   993  00:12:31
   -978.4698      2.4966   993  00:12:31

Finished on: Fri Nov 14 00:12:31 2008
 
LogLikelihood Converged 

asreml(): 2.00 Library: 2.00bb  Run: Fri Nov 14 00:12:33 2008
Licensed to: CSIRO
Serial Number: 402061835 Expires: 31-aug-2009 (290 days)

Equations:  18 (7 dense)
Initial update shrinkage factor: 0.316
     LogLik         S2      DF

   -983.9946      2.4977   993  00:12:33  (1 component(s) constrained)
   -982.0464      2.5299   993  00:12:33
   -981.0524      2.5203   993  00:12:33
   -980.4847      2.5110   993  00:12:33
   -980.4314      2.5079   993  00:12:33
   -980.4306      2.5078   993  00:12:33

Finished on: Fri Nov 14 00:12:33 2008
 
LogLikelihood Converged 

asreml(): 2.00 Library: 2.00bb  Run: Fri Nov 14 00:12:35 2008
Licensed to: CSIRO
Serial Number: 402061835 Expires: 31-aug-2009 (290 days)

Equations:  18 (7 dense)
Initial update shrinkage factor: 0.316
     LogLik         S2      DF

   -986.7910      2.5117   993  00:12:35  (1 component(s) constrained)
   -985.0614      2.5452   993  00:12:35
   -983.9842      2.5351   993  00:12:35
   -983.3624      2.5253   993  00:12:35
   -983.3017      2.5219   993  00:12:35
   -983.3010      2.5217   993  00:12:35

Finished on: Fri Nov 14 00:12:35 2008
 
LogLikelihood Converged 

asreml(): 2.00 Library: 2.00bb  Run: Fri Nov 14 00:12:36 2008
Licensed to: CSIRO
Serial Number: 402061835 Expires: 31-aug-2009 (290 days)

Equations:  18 (7 dense)
Initial update shrinkage factor: 0.316
     LogLik         S2      DF

   -986.9526      2.5116   993  00:12:36  (1 component(s) constrained)
   -985.1056      2.5445   993  00:12:36
   -984.0396      2.5345   993  00:12:36
   -983.4327      2.5248   993  00:12:36
   -983.3765      2.5217   993  00:12:36
   -983.3758      2.5215   993  00:12:36

Finished on: Fri Nov 14 00:12:36 2008
 
LogLikelihood Converged 

asreml(): 2.00 Library: 2.00bb  Run: Fri Nov 14 00:12:38 2008
Licensed to: CSIRO
Serial Number: 402061835 Expires: 31-aug-2009 (290 days)

Equations:  18 (7 dense)
Initial update shrinkage factor: 0.316
     LogLik         S2      DF

   -986.9255      2.5106   993  00:12:38  (1 component(s) constrained)
   -985.0738      2.5436   993  00:12:38
   -984.0359      2.5337   993  00:12:38
   -983.4422      2.5241   993  00:12:38
   -983.3861      2.5209   993  00:12:38
   -983.3853      2.5208   993  00:12:38

Finished on: Fri Nov 14 00:12:38 2008
 
LogLikelihood Converged 
*******************************************
Marker Selection Iteration  3  for  Chr2 
*******************************************

asreml(): 2.00 Library: 2.00bb  Run: Fri Nov 14 00:12:40 2008
Licensed to: CSIRO
Serial Number: 402061835 Expires: 31-aug-2009 (290 days)

Equations:  18 (7 dense)
Initial update shrinkage factor: 0.316
     LogLik         S2      DF

   -984.1441      2.4949   993  00:12:40
   -981.6382      2.5094   993  00:12:40
   -981.4376      2.5086   993  00:12:40
   -981.3145      2.5078   993  00:12:40
   -981.2953      2.5071   993  00:12:40
   -981.2944      2.5070   993  00:12:40

Finished on: Fri Nov 14 00:12:40 2008
 
LogLikelihood Converged 

asreml(): 2.00 Library: 2.00bb  Run: Fri Nov 14 00:12:41 2008
Licensed to: CSIRO
Serial Number: 402061835 Expires: 31-aug-2009 (290 days)

Equations:  18 (7 dense)
Initial update shrinkage factor: 0.316
     LogLik         S2      DF

   -979.1614      2.4702   993  00:12:41
   -976.6741      2.4846   993  00:12:41
   -976.4739      2.4836   993  00:12:41
   -976.3488      2.4825   993  00:12:41
   -976.3288      2.4819   993  00:12:41
   -976.3279      2.4817   993  00:12:41

Finished on: Fri Nov 14 00:12:41 2008
 
LogLikelihood Converged 

asreml(): 2.00 Library: 2.00bb  Run: Fri Nov 14 00:12:43 2008
Licensed to: CSIRO
Serial Number: 402061835 Expires: 31-aug-2009 (290 days)

Equations:  18 (7 dense)
Initial update shrinkage factor: 0.316
     LogLik         S2      DF

   -976.5576      2.4574   993  00:12:43  (1 component(s) constrained)
   -974.5690      2.4898   993  00:12:43
   -973.8119      2.4814   993  00:12:43
   -973.3491      2.4727   993  00:12:43
   -973.2946      2.4695   993  00:12:43
   -973.2932      2.4691   993  00:12:43
   -973.2932      2.4691   993  00:12:43

Finished on: Fri Nov 14 00:12:43 2008
 
LogLikelihood Converged 

asreml(): 2.00 Library: 2.00bb  Run: Fri Nov 14 00:12:45 2008
Licensed to: CSIRO
Serial Number: 402061835 Expires: 31-aug-2009 (290 days)

Equations:  18 (7 dense)
Initial update shrinkage factor: 0.316
     LogLik         S2      DF

   -969.3104      2.4220   993  00:12:45  (1 component(s) constrained)
   -967.2207      2.4534   993  00:12:45
   -966.5071      2.4454   993  00:12:45
   -966.0690      2.4370   993  00:12:45
   -966.0164      2.4340   993  00:12:45
   -966.0149      2.4335   993  00:12:45
   -966.0149      2.4335   993  00:12:45

Finished on: Fri Nov 14 00:12:45 2008
 
LogLikelihood Converged 

asreml(): 2.00 Library: 2.00bb  Run: Fri Nov 14 00:12:46 2008
Licensed to: CSIRO
Serial Number: 402061835 Expires: 31-aug-2009 (290 days)

Equations:  18 (7 dense)
Initial update shrinkage factor: 0.316
     LogLik         S2      DF

   -978.9442      2.4698   993  00:12:47
   -976.8299      2.4803   993  00:12:47
   -976.5393      2.4816   993  00:12:47
   -976.3998      2.4820   993  00:12:47
   -976.3797      2.4813   993  00:12:47
   -976.3788      2.4812   993  00:12:47

Finished on: Fri Nov 14 00:12:47 2008
 
LogLikelihood Converged 

asreml(): 2.00 Library: 2.00bb  Run: Fri Nov 14 00:12:48 2008
Licensed to: CSIRO
Serial Number: 402061835 Expires: 31-aug-2009 (290 days)

Equations:  18 (7 dense)
Initial update shrinkage factor: 0.316
     LogLik         S2      DF

   -987.3687      2.5124   993  00:12:48
   -985.7632      2.5201   993  00:12:48
   -985.3673      2.5232   993  00:12:48
   -985.2247      2.5241   993  00:12:48
   -985.2059      2.5234   993  00:12:48
   -985.2051      2.5233   993  00:12:48

Finished on: Fri Nov 14 00:12:48 2008
 
LogLikelihood Converged 

asreml(): 2.00 Library: 2.00bb  Run: Fri Nov 14 00:12:50 2008
Licensed to: CSIRO
Serial Number: 402061835 Expires: 31-aug-2009 (290 days)

Equations:  18 (7 dense)
Initial update shrinkage factor: 0.316
     LogLik         S2      DF

   -991.0721      2.5330   993  00:12:50
   -989.6937      2.5396   993  00:12:50
   -989.2636      2.5433   993  00:12:50
   -989.1211      2.5444   993  00:12:50
   -989.1029      2.5437   993  00:12:50
   -989.1021      2.5435   993  00:12:50

Finished on: Fri Nov 14 00:12:50 2008
 
LogLikelihood Converged 

asreml(): 2.00 Library: 2.00bb  Run: Fri Nov 14 00:12:51 2008
Licensed to: CSIRO
Serial Number: 402061835 Expires: 31-aug-2009 (290 days)

Equations:  18 (7 dense)
Initial update shrinkage factor: 0.316
     LogLik         S2      DF

   -993.2970      2.5433   993  00:12:52
   -991.9101      2.5500   993  00:12:52
   -991.4834      2.5536   993  00:12:52
   -991.3422      2.5548   993  00:12:52
   -991.3243      2.5541   993  00:12:52
   -991.3235      2.5539   993  00:12:52

Finished on: Fri Nov 14 00:12:52 2008
 
LogLikelihood Converged 

asreml(): 2.00 Library: 2.00bb  Run: Fri Nov 14 00:12:53 2008
Licensed to: CSIRO
Serial Number: 402061835 Expires: 31-aug-2009 (290 days)

Equations:  18 (7 dense)
Initial update shrinkage factor: 0.316
     LogLik         S2      DF

   -993.5177      2.5436   993  00:12:53
   -992.1217      2.5503   993  00:12:53
   -991.6963      2.5540   993  00:12:53
   -991.5553      2.5551   993  00:12:53
   -991.5374      2.5544   993  00:12:53
   -991.5366      2.5542   993  00:12:53

Finished on: Fri Nov 14 00:12:53 2008
 
LogLikelihood Converged 

asreml(): 2.00 Library: 2.00bb  Run: Fri Nov 14 00:12:55 2008
Licensed to: CSIRO
Serial Number: 402061835 Expires: 31-aug-2009 (290 days)

Equations:  18 (7 dense)
Initial update shrinkage factor: 0.316
     LogLik         S2      DF

   -993.6685      2.5437   993  00:12:55
   -992.2713      2.5504   993  00:12:55
   -991.8467      2.5541   993  00:12:55
   -991.7058      2.5552   993  00:12:55
   -991.6879      2.5545   993  00:12:55
   -991.6871      2.5543   993  00:12:55

Finished on: Fri Nov 14 00:12:55 2008
 
LogLikelihood Converged 
*******************************************
Testing chromosomes for Iteration  3 
*******************************************

asreml(): 2.00 Library: 2.00bb  Run: Fri Nov 14 00:12:59 2008
Licensed to: CSIRO
Serial Number: 402061835 Expires: 31-aug-2009 (290 days)

Equations:  27 (8 dense)
Initial update shrinkage factor: 0.316
     LogLik         S2      DF

   -977.3723      2.4147   992  00:13:00  (2 component(s) constrained)
   -963.5727      2.4201   992  00:13:00  (2 component(s) constrained)
   -960.4414      2.4229   992  00:13:00  (2 component(s) constrained)
   -960.1041      2.4225   992  00:13:00  (2 component(s) constrained)
   -960.0440      2.4219   992  00:13:00  (2 component(s) constrained)
   -960.0248      2.4215   992  00:13:00
   -960.0167      2.4211   992  00:13:00
   -960.0153      2.4210   992  00:13:00
   -960.0153      2.4210   992  00:13:00

Finished on: Fri Nov 14 00:13:00 2008
 
LogLikelihood Converged 

asreml(): 2.00 Library: 2.00bb  Run: Fri Nov 14 00:13:00 2008
Licensed to: CSIRO
Serial Number: 402061835 Expires: 31-aug-2009 (290 days)

Equations:  18 (8 dense)
Initial update shrinkage factor: 0.316
     LogLik         S2      DF

   -969.1804      2.4219   992  00:13:00  (1 component(s) constrained)
   -961.9193      2.4226   992  00:13:00  (1 component(s) constrained)
   -960.3002      2.4232   992  00:13:00  (1 component(s) constrained)
   -960.0949      2.4225   992  00:13:00  (1 component(s) constrained)
   -960.0434      2.4219   992  00:13:00  (1 component(s) constrained)
   -960.0247      2.4215   992  00:13:00
   -960.0166      2.4211   992  00:13:00
   -960.0153      2.4210   992  00:13:00
   -960.0153      2.4210   992  00:13:00

Finished on: Fri Nov 14 00:13:00 2008
 
LogLikelihood Converged 

asreml(): 2.00 Library: 2.00bb  Run: Fri Nov 14 00:13:00 2008
Licensed to: CSIRO
Serial Number: 402061835 Expires: 31-aug-2009 (290 days)

Equations:  18 (8 dense)
Initial update shrinkage factor: 0.316
     LogLik         S2      DF

   -968.8967      2.4193   992  00:13:00  (1 component(s) constrained)
   -962.0591      2.4228   992  00:13:00  (1 component(s) constrained)
   -960.3258      2.4232   992  00:13:00  (1 component(s) constrained)
   -960.0966      2.4225   992  00:13:00  (1 component(s) constrained)
   -960.0435      2.4219   992  00:13:00  (1 component(s) constrained)
   -960.0247      2.4215   992  00:13:00
   -960.0167      2.4211   992  00:13:00
   -960.0153      2.4210   992  00:13:00
   -960.0153      2.4210   992  00:13:00

Finished on: Fri Nov 14 00:13:00 2008
 
LogLikelihood Converged 

asreml(): 2.00 Library: 2.00bb  Run: Fri Nov 14 00:13:01 2008
Licensed to: CSIRO
Serial Number: 402061835 Expires: 31-aug-2009 (290 days)

Equations:  9 (8 dense)
Initial update shrinkage factor: 0.316
     LogLik         S2      DF

   -960.5712      2.4266   992  00:13:02
   -960.3717      2.4251   992  00:13:02
   -960.1686      2.4234   992  00:13:02
   -960.0380      2.4218   992  00:13:02
   -960.0163      2.4211   992  00:13:02
   -960.0152      2.4210   992  00:13:02
   -960.0152      2.4210   992  00:13:02

Finished on: Fri Nov 14 00:13:02 2008
 
LogLikelihood Converged 
